Reading netlist file: "C:\Users\Andrew Dudaronek\Desktop\UVC_Module_LED\impl\gwsynthesis\UVC_Module_LED.vg"
Parsing netlist file "C:\Users\Andrew Dudaronek\Desktop\UVC_Module_LED\impl\gwsynthesis\UVC_Module_LED.vg" completed
Processing netlist completed
Reading constraint file: "C:\Users\Andrew Dudaronek\Desktop\UVC_Module_LED\src\constraint.cst"
Physical Constraint parsed completed
Running placement......
[10%] Placement Phase 0 completed
[20%] Placement Phase 1 completed
[30%] Placement Phase 2 completed
[50%] Placement Phase 3 completed
Running routing......
[60%] Routing Phase 0 completed
[70%] Routing Phase 1 completed
[80%] Routing Phase 2 completed
[90%] Routing Phase 3 completed
Running timing analysis......
[95%] Timing analysis completed
Placement and routing completed
Bitstream generation in progress......
Bitstream generation completed
Running power analysis......
[100%] Power analysis completed
Generate file "C:\Users\Andrew Dudaronek\Desktop\UVC_Module_LED\impl\pnr\UVC_Module_LED.power.html" completed
Generate file "C:\Users\Andrew Dudaronek\Desktop\UVC_Module_LED\impl\pnr\UVC_Module_LED.pin.html" completed
Generate file "C:\Users\Andrew Dudaronek\Desktop\UVC_Module_LED\impl\pnr\UVC_Module_LED.rpt.html" completed
Generate file "C:\Users\Andrew Dudaronek\Desktop\UVC_Module_LED\impl\pnr\UVC_Module_LED.rpt.txt" completed
Generate file "C:\Users\Andrew Dudaronek\Desktop\UVC_Module_LED\impl\pnr\UVC_Module_LED.tr.html" completed
Thu Feb 24 11:14:33 2022

